<?xml version="1.0" encoding="UTF-8"?>
<!-- Generated by org.testng.reporters.JUnitReportReporter -->
<testsuite hostname="thomase-cal-m.cmass.criticalmass.com" name="com.khubla.simpleioc.jsr330.TestJSR330Filter" tests="1" failures="0" timestamp="28 Mar 2012 19:53:51 GMT" time="0.179" errors="0">
  <testcase name="test1" time="0.179" classname="com.khubla.simpleioc.jsr330.TestJSR330Filter"/>
</testsuite>
