<?xml version="1.0" encoding="UTF-8"?>
<!-- Generated by org.testng.reporters.JUnitReportReporter -->
<testsuite hostname="thomase-cal-m.cmass.criticalmass.com" name="com.khubla.simpleioc.filter.TestJSR330Filter" tests="1" failures="0" timestamp="28 Mar 2012 19:22:47 GMT" time="28.759" errors="0">
  <testcase name="test1" time="28.759" classname="com.khubla.simpleioc.filter.TestJSR330Filter"/>
</testsuite>
